2023/06/03 14:44:27 [notice] 1#1: using the "epoll" event method
2023/06/03 14:44:27 [notice] 1#1: nginx/1.25.0
2023/06/03 14:44:27 [notice] 1#1: built by gcc 10.2.1 20210110 (Debian 10.2.1-6) 
2023/06/03 14:44:27 [notice] 1#1: OS: Linux 5.19.0-43-generic
2023/06/03 14:44:27 [notice] 1#1: getrlimit(RLIMIT_NOFILE): 1048576:1048576
2023/06/03 14:44:27 [notice] 1#1: start worker processes
2023/06/03 14:44:27 [notice] 1#1: start worker process 29
2023/06/03 14:44:27 [notice] 1#1: start worker process 30
2023/06/03 14:44:27 [notice] 1#1: start worker process 31
2023/06/03 14:44:27 [notice] 1#1: start worker process 32
2023/06/03 14:53:41 [notice] 1#1: signal 3 (SIGQUIT) received, shutting down
2023/06/03 14:53:41 [notice] 30#30: gracefully shutting down
2023/06/03 14:53:41 [notice] 31#31: gracefully shutting down
2023/06/03 14:53:41 [notice] 30#30: exiting
2023/06/03 14:53:41 [notice] 31#31: exiting
2023/06/03 14:53:41 [notice] 32#32: gracefully shutting down
2023/06/03 14:53:41 [notice] 29#29: gracefully shutting down
2023/06/03 14:53:41 [notice] 29#29: exiting
2023/06/03 14:53:41 [notice] 32#32: exiting
2023/06/03 14:53:41 [notice] 29#29: exit
2023/06/03 14:53:41 [notice] 32#32: exit
2023/06/03 14:53:41 [notice] 31#31: exit
2023/06/03 14:53:41 [notice] 30#30: exit
2023/06/03 14:53:41 [notice] 1#1: signal 17 (SIGCHLD) received from 29
2023/06/03 14:53:41 [notice] 1#1: worker process 29 exited with code 0
2023/06/03 14:53:41 [notice] 1#1: worker process 30 exited with code 0
2023/06/03 14:53:41 [notice] 1#1: worker process 31 exited with code 0
2023/06/03 14:53:41 [notice] 1#1: signal 29 (SIGIO) received
2023/06/03 14:53:41 [notice] 1#1: signal 17 (SIGCHLD) received from 31
2023/06/03 14:53:41 [notice] 1#1: signal 17 (SIGCHLD) received from 32
2023/06/03 14:53:41 [notice] 1#1: worker process 32 exited with code 0
2023/06/03 14:53:41 [notice] 1#1: exit
2023/06/03 14:54:15 [notice] 1#1: using the "epoll" event method
2023/06/03 14:54:15 [notice] 1#1: nginx/1.25.0
2023/06/03 14:54:15 [notice] 1#1: built by gcc 10.2.1 20210110 (Debian 10.2.1-6) 
2023/06/03 14:54:15 [notice] 1#1: OS: Linux 5.19.0-43-generic
2023/06/03 14:54:15 [notice] 1#1: getrlimit(RLIMIT_NOFILE): 1048576:1048576
2023/06/03 14:54:15 [notice] 1#1: start worker processes
2023/06/03 14:54:15 [notice] 1#1: start worker process 29
2023/06/03 14:54:15 [notice] 1#1: start worker process 30
2023/06/03 14:54:15 [notice] 1#1: start worker process 31
2023/06/03 14:54:15 [notice] 1#1: start worker process 32
2023/06/17 11:57:33 [notice] 1#1: using the "epoll" event method
2023/06/17 11:57:33 [notice] 1#1: nginx/1.25.1
2023/06/17 11:57:33 [notice] 1#1: built by gcc 12.2.0 (Debian 12.2.0-14) 
2023/06/17 11:57:33 [notice] 1#1: OS: Linux 6.2.0-23-generic
2023/06/17 11:57:33 [notice] 1#1: getrlimit(RLIMIT_NOFILE): 524288:524288
2023/06/17 11:57:33 [notice] 1#1: start worker processes
2023/06/17 11:57:33 [notice] 1#1: start worker process 29
2023/06/17 11:57:33 [notice] 1#1: start worker process 30
2023/06/17 11:57:33 [notice] 1#1: start worker process 31
2023/06/17 11:57:33 [notice] 1#1: start worker process 32
2023/06/17 11:57:33 [notice] 1#1: start worker process 33
2023/06/17 11:57:33 [notice] 1#1: start worker process 34
2023/06/17 11:57:33 [notice] 1#1: start worker process 35
2023/06/17 11:57:33 [notice] 1#1: start worker process 36
2023/06/17 11:57:33 [notice] 1#1: start worker process 37
2023/06/17 11:57:33 [notice] 1#1: start worker process 38
2023/06/17 11:57:33 [notice] 1#1: start worker process 39
2023/06/17 11:57:33 [notice] 1#1: start worker process 40
